<?xml version="1.0" encoding="UTF-8"?>
<!-- Generated by org.testng.reporters.JUnitXMLReporter -->
<testsuite ignored="6" hostname="DESKTOP-2GA0MMH" failures="3" tests="4" name="Test" time="0.153" errors="0" timestamp="2024-05-21T23:08:39 IST">
  <testcase classname="Tests.TC001_LoginTest" name="testLogin" time="0.009"/>
  <testcase classname="Tests.TC002_AccordionTest" name="accordianTests" time="0.109">
    <failure type="java.lang.RuntimeException" message="java.lang.reflect.InvocationTargetException">
      <![CDATA[java.lang.RuntimeException: java.lang.reflect.InvocationTargetException
at org.openqa.selenium.support.PageFactory.instantiatePage(PageFactory.java:132)
at org.openqa.selenium.support.PageFactory.initElements(PageFactory.java:64)
at Tests.TC002_AccordionTest.accordianTests(TC002_AccordionTest.java:15)
at java.base/java.util.ArrayList.forEach(ArrayList.java:1511)
at org.openqa.selenium.support.PageFactory.instantiatePage(PageFactory.java:127)
... 30 more
Caused by: java.lang.IllegalArgumentException: Input must be set
at org.openqa.selenium.internal.Require.nonNull(Require.java:56)
at org.openqa.selenium.support.ui.FluentWait.<init>(FluentWait.java:97)
at org.openqa.selenium.support.ui.WebDriverWait.<init>(WebDriverWait.java:128)
at org.openqa.selenium.support.ui.WebDriverWait.<init>(WebDriverWait.java:61)
at org.openqa.selenium.support.ui.WebDriverWait.<init>(WebDriverWait.java:48)
at commonFunctions.Common.<init>(Common.java:30)
at pages.Accordion.<init>(Accordion.java:22)
... 36 more
... Removed 33 stack frames]]>
    </failure>
  </testcase> <!-- accordianTests -->
  <testcase classname="Tests.TC003_ActionsTest" name="actionsTests" time="0.002">
    <failure type="java.lang.RuntimeException" message="java.lang.reflect.InvocationTargetException">
      <![CDATA[java.lang.RuntimeException: java.lang.reflect.InvocationTargetException
at org.openqa.selenium.support.PageFactory.instantiatePage(PageFactory.java:132)
at org.openqa.selenium.support.PageFactory.initElements(PageFactory.java:64)
at Tests.TC003_ActionsTest.actionsTests(TC003_ActionsTest.java:17)
at java.base/java.util.ArrayList.forEach(ArrayList.java:1511)
at org.openqa.selenium.support.PageFactory.instantiatePage(PageFactory.java:127)
... 30 more
Caused by: java.lang.IllegalArgumentException: Input must be set
at org.openqa.selenium.internal.Require.nonNull(Require.java:56)
at org.openqa.selenium.support.ui.FluentWait.<init>(FluentWait.java:97)
at org.openqa.selenium.support.ui.WebDriverWait.<init>(WebDriverWait.java:128)
at org.openqa.selenium.support.ui.WebDriverWait.<init>(WebDriverWait.java:61)
at org.openqa.selenium.support.ui.WebDriverWait.<init>(WebDriverWait.java:48)
at commonFunctions.Common.<init>(Common.java:30)
at pages.Action.<init>(Action.java:36)
... 36 more
... Removed 33 stack frames]]>
    </failure>
  </testcase> <!-- actionsTests -->
  <testcase classname="Tests.TC004_BrowserTabsTest" name="browserTabsTests" time="0.002">
    <failure type="java.lang.RuntimeException" message="java.lang.reflect.InvocationTargetException">
      <![CDATA[java.lang.RuntimeException: java.lang.reflect.InvocationTargetException
at org.openqa.selenium.support.PageFactory.instantiatePage(PageFactory.java:132)
at org.openqa.selenium.support.PageFactory.initElements(PageFactory.java:64)
at Tests.TC004_BrowserTabsTest.browserTabsTests(TC004_BrowserTabsTest.java:16)
at java.base/java.util.ArrayList.forEach(ArrayList.java:1511)
at org.openqa.selenium.support.PageFactory.instantiatePage(PageFactory.java:127)
... 30 more
Caused by: java.lang.IllegalArgumentException: Input must be set
at org.openqa.selenium.internal.Require.nonNull(Require.java:56)
at org.openqa.selenium.support.ui.FluentWait.<init>(FluentWait.java:97)
at org.openqa.selenium.support.ui.WebDriverWait.<init>(WebDriverWait.java:128)
at org.openqa.selenium.support.ui.WebDriverWait.<init>(WebDriverWait.java:61)
at org.openqa.selenium.support.ui.WebDriverWait.<init>(WebDriverWait.java:48)
at commonFunctions.Common.<init>(Common.java:30)
at pages.BrowserTabs.<init>(BrowserTabs.java:22)
... 36 more
... Removed 33 stack frames]]>
    </failure>
  </testcase> <!-- browserTabsTests -->
  <testcase classname="Base.BaseTest" name="@AfterSuite tearDown" time="0.0">
    <ignored/>
  </testcase> <!-- @AfterSuite tearDown -->
  <testcase classname="Base.BaseTest" name="@AfterSuite tearDown" time="0.0">
    <ignored/>
  </testcase> <!-- @AfterSuite tearDown -->
  <testcase classname="Base.BaseTest" name="@AfterSuite tearDown" time="0.0">
    <ignored/>
  </testcase> <!-- @AfterSuite tearDown -->
  <testcase classname="Base.BaseTest" name="@BeforeSuite setUp" time="0.0">
    <ignored/>
  </testcase> <!-- @BeforeSuite setUp -->
  <testcase classname="Base.BaseTest" name="@BeforeSuite setUp" time="0.0">
    <ignored/>
  </testcase> <!-- @BeforeSuite setUp -->
  <testcase classname="Base.BaseTest" name="@BeforeSuite setUp" time="0.0">
    <ignored/>
  </testcase> <!-- @BeforeSuite setUp -->
</testsuite> <!-- Test -->
