<!DOCTYPE html PUBLIC "-//W3C//DTD XHTML 1.1//EN" "https://www.w3.org/TR/xhtml11/DTD/xhtml11.dtd">
<html xmlns="https://www.w3.org/1999/xhtml">
<head>
<meta http-equiv="content-type" content="text/html; charset=UTF-8"/>
<title>TestNG Report</title>
<style type="text/css">table {margin-bottom:10px;border-collapse:collapse;empty-cells:show}th,td {border:1px solid #009;padding:.25em .5em}th {vertical-align:bottom}td {vertical-align:top}table a {font-weight:bold}.stripe td {background-color: #E6EBF9}.num {text-align:right}.passedodd td {background-color: #3F3}.passedeven td {background-color: #0A0}.skippedodd td {background-color: #DDD}.skippedeven td {background-color: #CCC}.failedodd td,.attn {background-color: #F33}.failedeven td,.stripe .attn {background-color: #D00}.stacktrace {white-space:pre;font-family:monospace}.totop {font-size:85%;text-align:center;border-bottom:2px solid #000}.invisible {display:none}</style>
</head>
<body>
<table>
<tr><th>Test</th><th># Passed</th><th># Skipped</th><th># Retried</th><th># Failed</th><th>Time (ms)</th><th>Included Groups</th><th>Excluded Groups</th></tr>
<tr><th colspan="8">Suite</th></tr>
<tr><td><a href="#t0">Test</a></td><td class="num">1</td><td class="num">0</td><td class="num">0</td><td class="num attn">3</td><td class="num">153</td><td></td><td></td></tr>
</table>
<table id='summary'><thead><tr><th>Class</th><th>Method</th><th>Start</th><th>Time (ms)</th></tr></thead><tbody><tr><th colspan="4">Suite</th></tr></tbody><tbody id="t0"><tr><th colspan="4">Test &#8212; failed</th></tr><tr class="failedeven"><td rowspan="1">Tests.TC002_AccordionTest</td><td><a href="#m0">accordianTests</a></td><td rowspan="1">1716313119068</td><td rowspan="1">109</td></tr><tr class="failedodd"><td rowspan="1">Tests.TC003_ActionsTest</td><td><a href="#m1">actionsTests</a></td><td rowspan="1">1716313119179</td><td rowspan="1">2</td></tr><tr class="failedeven"><td rowspan="1">Tests.TC004_BrowserTabsTest</td><td><a href="#m2">browserTabsTests</a></td><td rowspan="1">1716313119183</td><td rowspan="1">2</td></tr><tr><th colspan="4">Test &#8212; passed</th></tr><tr class="passedeven"><td rowspan="1">Tests.TC001_LoginTest</td><td><a href="#m3">testLogin</a></td><td rowspan="1">1716313119053</td><td rowspan="1">9</td></tr></tbody>
</table>
<h2>Test</h2><h3 id="m0">Tests.TC002_AccordionTest#accordianTests</h3><table class="result"><tr><th>Exception</th></tr><tr><td><div class="stacktrace">java.lang.RuntimeException: java.lang.reflect.InvocationTargetException
	at org.openqa.selenium.support.PageFactory.instantiatePage(PageFactory.java:132)
	at org.openqa.selenium.support.PageFactory.initElements(PageFactory.java:64)
	at Tests.TC002_AccordionTest.accordianTests(TC002_AccordionTest.java:15)
	at java.base/java.util.ArrayList.forEach(ArrayList.java:1511)
	at org.openqa.selenium.support.PageFactory.instantiatePage(PageFactory.java:127)
	... 30 more
Caused by: java.lang.IllegalArgumentException: Input must be set
	at org.openqa.selenium.internal.Require.nonNull(Require.java:56)
	at org.openqa.selenium.support.ui.FluentWait.&lt;init&gt;(FluentWait.java:97)
	at org.openqa.selenium.support.ui.WebDriverWait.&lt;init&gt;(WebDriverWait.java:128)
	at org.openqa.selenium.support.ui.WebDriverWait.&lt;init&gt;(WebDriverWait.java:61)
	at org.openqa.selenium.support.ui.WebDriverWait.&lt;init&gt;(WebDriverWait.java:48)
	at commonFunctions.Common.&lt;init&gt;(Common.java:30)
	at pages.Accordion.&lt;init&gt;(Accordion.java:22)
	... 36 more
... Removed 33 stack frames</div></td></tr></table><p class="totop"><a href="#summary">back to summary</a></p>
<h3 id="m1">Tests.TC003_ActionsTest#actionsTests</h3><table class="result"><tr><th>Exception</th></tr><tr><td><div class="stacktrace">java.lang.RuntimeException: java.lang.reflect.InvocationTargetException
	at org.openqa.selenium.support.PageFactory.instantiatePage(PageFactory.java:132)
	at org.openqa.selenium.support.PageFactory.initElements(PageFactory.java:64)
	at Tests.TC003_ActionsTest.actionsTests(TC003_ActionsTest.java:17)
	at java.base/java.util.ArrayList.forEach(ArrayList.java:1511)
	at org.openqa.selenium.support.PageFactory.instantiatePage(PageFactory.java:127)
	... 30 more
Caused by: java.lang.IllegalArgumentException: Input must be set
	at org.openqa.selenium.internal.Require.nonNull(Require.java:56)
	at org.openqa.selenium.support.ui.FluentWait.&lt;init&gt;(FluentWait.java:97)
	at org.openqa.selenium.support.ui.WebDriverWait.&lt;init&gt;(WebDriverWait.java:128)
	at org.openqa.selenium.support.ui.WebDriverWait.&lt;init&gt;(WebDriverWait.java:61)
	at org.openqa.selenium.support.ui.WebDriverWait.&lt;init&gt;(WebDriverWait.java:48)
	at commonFunctions.Common.&lt;init&gt;(Common.java:30)
	at pages.Action.&lt;init&gt;(Action.java:36)
	... 36 more
... Removed 33 stack frames</div></td></tr></table><p class="totop"><a href="#summary">back to summary</a></p>
<h3 id="m2">Tests.TC004_BrowserTabsTest#browserTabsTests</h3><table class="result"><tr><th>Exception</th></tr><tr><td><div class="stacktrace">java.lang.RuntimeException: java.lang.reflect.InvocationTargetException
	at org.openqa.selenium.support.PageFactory.instantiatePage(PageFactory.java:132)
	at org.openqa.selenium.support.PageFactory.initElements(PageFactory.java:64)
	at Tests.TC004_BrowserTabsTest.browserTabsTests(TC004_BrowserTabsTest.java:16)
	at java.base/java.util.ArrayList.forEach(ArrayList.java:1511)
	at org.openqa.selenium.support.PageFactory.instantiatePage(PageFactory.java:127)
	... 30 more
Caused by: java.lang.IllegalArgumentException: Input must be set
	at org.openqa.selenium.internal.Require.nonNull(Require.java:56)
	at org.openqa.selenium.support.ui.FluentWait.&lt;init&gt;(FluentWait.java:97)
	at org.openqa.selenium.support.ui.WebDriverWait.&lt;init&gt;(WebDriverWait.java:128)
	at org.openqa.selenium.support.ui.WebDriverWait.&lt;init&gt;(WebDriverWait.java:61)
	at org.openqa.selenium.support.ui.WebDriverWait.&lt;init&gt;(WebDriverWait.java:48)
	at commonFunctions.Common.&lt;init&gt;(Common.java:30)
	at pages.BrowserTabs.&lt;init&gt;(BrowserTabs.java:22)
	... 36 more
... Removed 33 stack frames</div></td></tr></table><p class="totop"><a href="#summary">back to summary</a></p>
<h3 id="m3">Tests.TC001_LoginTest#testLogin</h3><table class="result"><tr><th class="invisible"/></tr></table><p class="totop"><a href="#summary">back to summary</a></p>
</body>
</html>
